<?xml version="1.0" encoding="UTF-8"?>
<testsuite name="ru.stqa.pft.adressbook.tests.ContactCreationTests" tests="3" skipped="0" failures="0" errors="0" timestamp="2018-06-13T08:33:20" hostname="DESKTOP-O0NV0OH" time="21.067">
  <properties/>
  <testcase name="testAddNewContact[0](NewContact{id=0, name='Name 0', lastname='Lastname 0', address='dom&#10;0', homePhone='', workPhone='', mobilePhone='', allPhones='', email='', email2='', email3=''})" classname="ru.stqa.pft.adressbook.tests.ContactCreationTests" time="6.693"/>
  <testcase name="testAddNewContact[1](NewContact{id=0, name='Name 1', lastname='Lastname 1', address='dom&#10;1', homePhone='', workPhone='', mobilePhone='', allPhones='', email='', email2='', email3=''})" classname="ru.stqa.pft.adressbook.tests.ContactCreationTests" time="6.868"/>
  <testcase name="testAddNewContact[2](NewContact{id=0, name='Name 2', lastname='Lastname 2', address='dom&#10;2', homePhone='', workPhone='', mobilePhone='', allPhones='', email='', email2='', email3=''})" classname="ru.stqa.pft.adressbook.tests.ContactCreationTests" time="7.504"/>
  <system-out><![CDATA[]]></system-out>
  <system-err><![CDATA[]]></system-err>
</testsuite>
