<?xml version="1.0" encoding="UTF-8"?>
<testsuite name="ru.stqa.pft.adressbook.tests.ContactDeletionTests" tests="1" skipped="0" failures="0" errors="0" timestamp="2018-06-13T08:11:04" hostname="DESKTOP-O0NV0OH" time="5.395">
  <properties/>
  <testcase name="testContactDeletion" classname="ru.stqa.pft.adressbook.tests.ContactDeletionTests" time="5.395"/>
  <system-out><![CDATA[]]></system-out>
  <system-err><![CDATA[]]></system-err>
</testsuite>
