<?xml version="1.0" encoding="UTF-8"?>
<testsuite name="ru.stqa.pft.adressbook.tests.GroupDeletionTests" tests="1" skipped="0" failures="0" errors="0" timestamp="2018-06-13T08:10:34" hostname="DESKTOP-O0NV0OH" time="2.737">
  <properties/>
  <testcase name="testGroupDeletion" classname="ru.stqa.pft.adressbook.tests.GroupDeletionTests" time="2.737"/>
  <system-out><![CDATA[]]></system-out>
  <system-err><![CDATA[]]></system-err>
</testsuite>
