<?xml version="1.0" encoding="UTF-8"?>
<testsuite name="ru.stqa.pft.adressbook.tests.GroupCreationTests" tests="4" skipped="0" failures="0" errors="0" timestamp="2018-06-13T08:10:14" hostname="DESKTOP-O0NV0OH" time="16.298">
  <properties/>
  <testcase name="testBadGroupCreation" classname="ru.stqa.pft.adressbook.tests.GroupCreationTests" time="4.692"/>
  <testcase name="testGroupCreation[0](GroupData{id='2147483647', name='test 0'})" classname="ru.stqa.pft.adressbook.tests.GroupCreationTests" time="3.995"/>
  <testcase name="testGroupCreation[1](GroupData{id='2147483647', name='test 1'})" classname="ru.stqa.pft.adressbook.tests.GroupCreationTests" time="3.799"/>
  <testcase name="testGroupCreation[2](GroupData{id='2147483647', name='test 2'})" classname="ru.stqa.pft.adressbook.tests.GroupCreationTests" time="3.8"/>
  <system-out><![CDATA[]]></system-out>
  <system-err><![CDATA[]]></system-err>
</testsuite>
